13:32:05 INFO  : Registering command handlers for SDK TCF services
13:32:06 INFO  : Launching XSCT server: xsct.bat -interactive E:\WorkSpace\project\FPGA\prj_sc030_V2.0_emmc\prj_sc030\prj_sc030.sdk\temp_xsdb_launch_script.tcl
13:32:09 INFO  : XSCT server has started successfully.
13:32:13 INFO  : Successfully done setting XSCT server connection channel  
13:32:13 INFO  : Successfully done setting SDK workspace  
13:32:13 INFO  : Processing command line option -hwspec E:/WorkSpace/project/FPGA/prj_sc030_V2.0_emmc/prj_sc030/prj_sc030.sdk/top.hdf.
13:32:13 INFO  : Checking for hwspec changes in the project top_hw_platform_3.
13:32:30 INFO  : 'targets -set -filter {jtag_cable_name =~ "Digilent JTAG-HS1 210512180081" && level==0} -index 1' command is executed.
13:32:30 INFO  : 'fpga -state' command is executed.
13:32:30 INFO  : Connected to target on host '127.0.0.1' and port '3121'.
13:32:30 INFO  : Jtag cable 'Digilent JTAG-HS1 210512180081' is selected.
13:32:30 INFO  : 'jtag frequency' command is executed.
13:32:30 INFO  : Sourcing of 'E:/WorkSpace/project/FPGA/prj_sc030_V2.0_emmc/prj_sc030/prj_sc030.sdk/top_hw_platform_0/ps7_init.tcl' is done.
13:32:30 INFO  : Context for 'APU' is selected.
13:32:30 INFO  : Hardware design information is loaded from 'E:/WorkSpace/project/FPGA/prj_sc030_V2.0_emmc/prj_sc030/prj_sc030.sdk/top_hw_platform_0/system.hdf'.
13:32:30 INFO  : 'configparams force-mem-access 1' command is executed.
13:32:30 INFO  : Context for 'APU' is selected.
13:32:30 INFO  : 'stop' command is executed.
13:32:30 INFO  : 'ps7_init' command is executed.
13:32:30 INFO  : 'ps7_post_config' command is executed.
13:32:30 INFO  : Context for processor 'ps7_cortexa9_0' is selected.
13:32:30 INFO  : Processor reset is completed for 'ps7_cortexa9_0'.
13:32:30 INFO  : Context for processor 'ps7_cortexa9_0' is selected.
13:32:31 INFO  : The application 'E:/WorkSpace/project/FPGA/prj_sc030_V2.0_emmc/prj_sc030/prj_sc030.sdk/ps/Debug/ps.elf' is downloaded to processor 'ps7_cortexa9_0'.
13:32:31 INFO  : 'configparams force-mem-access 0' command is executed.
13:32:31 INFO  : ----------------XSDB Script----------------
connect -url tcp:127.0.0.1:3121
source E:/WorkSpace/project/FPGA/prj_sc030_V2.0_emmc/prj_sc030/prj_sc030.sdk/top_hw_platform_0/ps7_init.tcl
targets -set -nocase -filter {name =~"APU*" && jtag_cable_name =~ "Digilent JTAG-HS1 210512180081"} -index 0
loadhw -hw E:/WorkSpace/project/FPGA/prj_sc030_V2.0_emmc/prj_sc030/prj_sc030.sdk/top_hw_platform_0/system.hdf -mem-ranges [list {0x40000000 0xbfffffff}]
configparams force-mem-access 1
targets -set -nocase -filter {name =~"APU*" && jtag_cable_name =~ "Digilent JTAG-HS1 210512180081"} -index 0
stop
ps7_init
ps7_post_config
targets -set -nocase -filter {name =~ "ARM*#0" && jtag_cable_name =~ "Digilent JTAG-HS1 210512180081"} -index 0
rst -processor
targets -set -nocase -filter {name =~ "ARM*#0" && jtag_cable_name =~ "Digilent JTAG-HS1 210512180081"} -index 0
dow E:/WorkSpace/project/FPGA/prj_sc030_V2.0_emmc/prj_sc030/prj_sc030.sdk/ps/Debug/ps.elf
configparams force-mem-access 0
----------------End of Script----------------

13:32:31 INFO  : Memory regions updated for context APU
13:32:31 INFO  : Context for processor 'ps7_cortexa9_0' is selected.
13:32:31 INFO  : 'con' command is executed.
13:32:31 INFO  : ----------------XSDB Script (After Launch)----------------
targets -set -nocase -filter {name =~ "ARM*#0" && jtag_cable_name =~ "Digilent JTAG-HS1 210512180081"} -index 0
con
----------------End of Script----------------

13:32:31 INFO  : Launch script is exported to file 'E:\WorkSpace\project\FPGA\prj_sc030_V2.0_emmc\prj_sc030\prj_sc030.sdk\.sdk\launch_scripts\xilinx_c-c++_application_(system_debugger)\system_debugger_using_debug_ps.elf_on_local.tcl'
13:33:27 INFO  : Disconnected from the channel tcfchan#1.
13:33:28 INFO  : 'targets -set -filter {jtag_cable_name =~ "Digilent JTAG-HS1 210512180081" && level==0} -index 1' command is executed.
13:33:28 INFO  : 'fpga -state' command is executed.
13:33:28 INFO  : Connected to target on host '127.0.0.1' and port '3121'.
13:33:28 INFO  : Jtag cable 'Digilent JTAG-HS1 210512180081' is selected.
13:33:28 INFO  : 'jtag frequency' command is executed.
13:33:28 INFO  : Sourcing of 'E:/WorkSpace/project/FPGA/prj_sc030_V2.0_emmc/prj_sc030/prj_sc030.sdk/top_hw_platform_0/ps7_init.tcl' is done.
13:33:28 INFO  : Context for 'APU' is selected.
13:33:29 INFO  : Hardware design information is loaded from 'E:/WorkSpace/project/FPGA/prj_sc030_V2.0_emmc/prj_sc030/prj_sc030.sdk/top_hw_platform_0/system.hdf'.
13:33:29 INFO  : 'configparams force-mem-access 1' command is executed.
13:33:29 INFO  : Context for 'APU' is selected.
13:33:29 INFO  : 'stop' command is executed.
13:33:30 INFO  : 'ps7_init' command is executed.
13:33:30 INFO  : 'ps7_post_config' command is executed.
13:33:30 INFO  : Context for processor 'ps7_cortexa9_0' is selected.
13:33:30 INFO  : Processor reset is completed for 'ps7_cortexa9_0'.
13:33:30 INFO  : Context for processor 'ps7_cortexa9_0' is selected.
13:33:30 INFO  : The application 'E:/WorkSpace/project/FPGA/prj_sc030_V2.0_emmc/prj_sc030/prj_sc030.sdk/ps/Debug/ps.elf' is downloaded to processor 'ps7_cortexa9_0'.
13:33:30 INFO  : 'configparams force-mem-access 0' command is executed.
13:33:30 INFO  : ----------------XSDB Script----------------
connect -url tcp:127.0.0.1:3121
source E:/WorkSpace/project/FPGA/prj_sc030_V2.0_emmc/prj_sc030/prj_sc030.sdk/top_hw_platform_0/ps7_init.tcl
targets -set -nocase -filter {name =~"APU*" && jtag_cable_name =~ "Digilent JTAG-HS1 210512180081"} -index 0
loadhw -hw E:/WorkSpace/project/FPGA/prj_sc030_V2.0_emmc/prj_sc030/prj_sc030.sdk/top_hw_platform_0/system.hdf -mem-ranges [list {0x40000000 0xbfffffff}]
configparams force-mem-access 1
targets -set -nocase -filter {name =~"APU*" && jtag_cable_name =~ "Digilent JTAG-HS1 210512180081"} -index 0
stop
ps7_init
ps7_post_config
targets -set -nocase -filter {name =~ "ARM*#0" && jtag_cable_name =~ "Digilent JTAG-HS1 210512180081"} -index 0
rst -processor
targets -set -nocase -filter {name =~ "ARM*#0" && jtag_cable_name =~ "Digilent JTAG-HS1 210512180081"} -index 0
dow E:/WorkSpace/project/FPGA/prj_sc030_V2.0_emmc/prj_sc030/prj_sc030.sdk/ps/Debug/ps.elf
configparams force-mem-access 0
----------------End of Script----------------

13:33:30 INFO  : Memory regions updated for context APU
13:33:30 INFO  : Context for processor 'ps7_cortexa9_0' is selected.
13:33:30 INFO  : 'con' command is executed.
13:33:30 INFO  : ----------------XSDB Script (After Launch)----------------
targets -set -nocase -filter {name =~ "ARM*#0" && jtag_cable_name =~ "Digilent JTAG-HS1 210512180081"} -index 0
con
----------------End of Script----------------

13:33:30 INFO  : Launch script is exported to file 'E:\WorkSpace\project\FPGA\prj_sc030_V2.0_emmc\prj_sc030\prj_sc030.sdk\.sdk\launch_scripts\xilinx_c-c++_application_(system_debugger)\system_debugger_using_debug_ps.elf_on_local.tcl'
13:35:53 INFO  : Disconnected from the channel tcfchan#2.
13:35:54 INFO  : 'targets -set -filter {jtag_cable_name =~ "Digilent JTAG-HS1 210512180081" && level==0} -index 1' command is executed.
13:35:54 INFO  : 'fpga -state' command is executed.
13:35:54 INFO  : Connected to target on host '127.0.0.1' and port '3121'.
13:35:54 INFO  : Jtag cable 'Digilent JTAG-HS1 210512180081' is selected.
13:35:54 INFO  : 'jtag frequency' command is executed.
13:35:54 INFO  : Sourcing of 'E:/WorkSpace/project/FPGA/prj_sc030_V2.0_emmc/prj_sc030/prj_sc030.sdk/top_hw_platform_0/ps7_init.tcl' is done.
13:35:54 INFO  : Context for 'APU' is selected.
13:35:54 INFO  : Hardware design information is loaded from 'E:/WorkSpace/project/FPGA/prj_sc030_V2.0_emmc/prj_sc030/prj_sc030.sdk/top_hw_platform_0/system.hdf'.
13:35:54 INFO  : 'configparams force-mem-access 1' command is executed.
13:35:54 INFO  : Context for 'APU' is selected.
13:35:54 INFO  : 'stop' command is executed.
13:35:55 INFO  : 'ps7_init' command is executed.
13:35:55 INFO  : 'ps7_post_config' command is executed.
13:35:55 INFO  : Context for processor 'ps7_cortexa9_0' is selected.
13:35:55 INFO  : Processor reset is completed for 'ps7_cortexa9_0'.
13:35:55 INFO  : Context for processor 'ps7_cortexa9_0' is selected.
13:35:55 INFO  : The application 'E:/WorkSpace/project/FPGA/prj_sc030_V2.0_emmc/prj_sc030/prj_sc030.sdk/ps/Debug/ps.elf' is downloaded to processor 'ps7_cortexa9_0'.
13:35:55 INFO  : 'configparams force-mem-access 0' command is executed.
13:35:55 INFO  : ----------------XSDB Script----------------
connect -url tcp:127.0.0.1:3121
source E:/WorkSpace/project/FPGA/prj_sc030_V2.0_emmc/prj_sc030/prj_sc030.sdk/top_hw_platform_0/ps7_init.tcl
targets -set -nocase -filter {name =~"APU*" && jtag_cable_name =~ "Digilent JTAG-HS1 210512180081"} -index 0
loadhw -hw E:/WorkSpace/project/FPGA/prj_sc030_V2.0_emmc/prj_sc030/prj_sc030.sdk/top_hw_platform_0/system.hdf -mem-ranges [list {0x40000000 0xbfffffff}]
configparams force-mem-access 1
targets -set -nocase -filter {name =~"APU*" && jtag_cable_name =~ "Digilent JTAG-HS1 210512180081"} -index 0
stop
ps7_init
ps7_post_config
targets -set -nocase -filter {name =~ "ARM*#0" && jtag_cable_name =~ "Digilent JTAG-HS1 210512180081"} -index 0
rst -processor
targets -set -nocase -filter {name =~ "ARM*#0" && jtag_cable_name =~ "Digilent JTAG-HS1 210512180081"} -index 0
dow E:/WorkSpace/project/FPGA/prj_sc030_V2.0_emmc/prj_sc030/prj_sc030.sdk/ps/Debug/ps.elf
configparams force-mem-access 0
----------------End of Script----------------

13:35:55 INFO  : Memory regions updated for context APU
13:35:55 INFO  : Context for processor 'ps7_cortexa9_0' is selected.
13:35:55 INFO  : 'con' command is executed.
13:35:55 INFO  : ----------------XSDB Script (After Launch)----------------
targets -set -nocase -filter {name =~ "ARM*#0" && jtag_cable_name =~ "Digilent JTAG-HS1 210512180081"} -index 0
con
----------------End of Script----------------

13:35:55 INFO  : Launch script is exported to file 'E:\WorkSpace\project\FPGA\prj_sc030_V2.0_emmc\prj_sc030\prj_sc030.sdk\.sdk\launch_scripts\xilinx_c-c++_application_(system_debugger)\system_debugger_using_debug_ps.elf_on_local.tcl'
13:38:35 INFO  : Dumping Memory Contents ...
13:38:36 INFO  : Dumped Memory Contents Successfully to E:\WorkSpace\images\top.bin
13:38:36 ERROR : Failed to Connect to HW Server, Reason: Command [C 5728 RunControl getChildren "JTAG-jsn-JTAG-HS1-210512180081-4ba00477-...] aborted
13:38:36 ERROR : Failed to Connect to HW Server, Reason: Command [C 5730 RunControl getChildren "JTAG-jsn-JTAG-HS1-210512180081-4ba00477-...] aborted
13:42:08 INFO  : Disconnected from the channel tcfchan#3.
13:42:09 INFO  : 'targets -set -filter {jtag_cable_name =~ "Digilent JTAG-HS1 210512180081" && level==0} -index 1' command is executed.
13:42:09 INFO  : 'fpga -state' command is executed.
13:42:09 INFO  : Connected to target on host '127.0.0.1' and port '3121'.
13:42:09 INFO  : Jtag cable 'Digilent JTAG-HS1 210512180081' is selected.
13:42:09 INFO  : 'jtag frequency' command is executed.
13:42:09 INFO  : Sourcing of 'E:/WorkSpace/project/FPGA/prj_sc030_V2.0_emmc/prj_sc030/prj_sc030.sdk/top_hw_platform_0/ps7_init.tcl' is done.
13:42:10 INFO  : Context for 'APU' is selected.
13:42:10 INFO  : Hardware design information is loaded from 'E:/WorkSpace/project/FPGA/prj_sc030_V2.0_emmc/prj_sc030/prj_sc030.sdk/top_hw_platform_0/system.hdf'.
13:42:10 INFO  : 'configparams force-mem-access 1' command is executed.
13:42:10 INFO  : Context for 'APU' is selected.
13:42:10 INFO  : 'stop' command is executed.
13:42:10 INFO  : 'ps7_init' command is executed.
13:42:10 INFO  : 'ps7_post_config' command is executed.
13:42:10 INFO  : Context for processor 'ps7_cortexa9_0' is selected.
13:42:10 INFO  : Processor reset is completed for 'ps7_cortexa9_0'.
13:42:10 INFO  : Context for processor 'ps7_cortexa9_0' is selected.
13:42:10 INFO  : The application 'E:/WorkSpace/project/FPGA/prj_sc030_V2.0_emmc/prj_sc030/prj_sc030.sdk/ps/Debug/ps.elf' is downloaded to processor 'ps7_cortexa9_0'.
13:42:10 INFO  : 'configparams force-mem-access 0' command is executed.
13:42:10 INFO  : ----------------XSDB Script----------------
connect -url tcp:127.0.0.1:3121
source E:/WorkSpace/project/FPGA/prj_sc030_V2.0_emmc/prj_sc030/prj_sc030.sdk/top_hw_platform_0/ps7_init.tcl
targets -set -nocase -filter {name =~"APU*" && jtag_cable_name =~ "Digilent JTAG-HS1 210512180081"} -index 0
loadhw -hw E:/WorkSpace/project/FPGA/prj_sc030_V2.0_emmc/prj_sc030/prj_sc030.sdk/top_hw_platform_0/system.hdf -mem-ranges [list {0x40000000 0xbfffffff}]
configparams force-mem-access 1
targets -set -nocase -filter {name =~"APU*" && jtag_cable_name =~ "Digilent JTAG-HS1 210512180081"} -index 0
stop
ps7_init
ps7_post_config
targets -set -nocase -filter {name =~ "ARM*#0" && jtag_cable_name =~ "Digilent JTAG-HS1 210512180081"} -index 0
rst -processor
targets -set -nocase -filter {name =~ "ARM*#0" && jtag_cable_name =~ "Digilent JTAG-HS1 210512180081"} -index 0
dow E:/WorkSpace/project/FPGA/prj_sc030_V2.0_emmc/prj_sc030/prj_sc030.sdk/ps/Debug/ps.elf
configparams force-mem-access 0
----------------End of Script----------------

13:42:10 INFO  : Memory regions updated for context APU
13:42:10 INFO  : Context for processor 'ps7_cortexa9_0' is selected.
13:42:10 INFO  : 'con' command is executed.
13:42:10 INFO  : ----------------XSDB Script (After Launch)----------------
targets -set -nocase -filter {name =~ "ARM*#0" && jtag_cable_name =~ "Digilent JTAG-HS1 210512180081"} -index 0
con
----------------End of Script----------------

13:42:10 INFO  : Launch script is exported to file 'E:\WorkSpace\project\FPGA\prj_sc030_V2.0_emmc\prj_sc030\prj_sc030.sdk\.sdk\launch_scripts\xilinx_c-c++_application_(system_debugger)\system_debugger_using_debug_ps.elf_on_local.tcl'
17:10:40 INFO  : Disconnected from the channel tcfchan#4.
17:10:41 INFO  : 'targets -set -filter {jtag_cable_name =~ "Digilent JTAG-HS1 210512180081" && level==0} -index 1' command is executed.
17:10:41 INFO  : 'fpga -state' command is executed.
17:10:41 INFO  : Connected to target on host '127.0.0.1' and port '3121'.
17:10:42 INFO  : Jtag cable 'Digilent JTAG-HS1 210512180081' is selected.
17:10:42 INFO  : 'jtag frequency' command is executed.
17:10:42 INFO  : Sourcing of 'E:/WorkSpace/project/FPGA/prj_sc030_V2.0_emmc/prj_sc030/prj_sc030.sdk/top_hw_platform_0/ps7_init.tcl' is done.
17:10:42 INFO  : Context for 'APU' is selected.
17:10:42 INFO  : Hardware design information is loaded from 'E:/WorkSpace/project/FPGA/prj_sc030_V2.0_emmc/prj_sc030/prj_sc030.sdk/top_hw_platform_0/system.hdf'.
17:10:42 INFO  : 'configparams force-mem-access 1' command is executed.
17:10:42 INFO  : Context for 'APU' is selected.
17:10:42 INFO  : 'stop' command is executed.
17:10:42 INFO  : 'ps7_init' command is executed.
17:10:42 INFO  : 'ps7_post_config' command is executed.
17:10:42 INFO  : Context for processor 'ps7_cortexa9_0' is selected.
17:10:42 INFO  : Processor reset is completed for 'ps7_cortexa9_0'.
17:10:42 INFO  : Context for processor 'ps7_cortexa9_0' is selected.
17:10:42 INFO  : The application 'E:/WorkSpace/project/FPGA/prj_sc030_V2.0_emmc/prj_sc030/prj_sc030.sdk/ps/Debug/ps.elf' is downloaded to processor 'ps7_cortexa9_0'.
17:10:42 INFO  : 'configparams force-mem-access 0' command is executed.
17:10:42 INFO  : ----------------XSDB Script----------------
connect -url tcp:127.0.0.1:3121
source E:/WorkSpace/project/FPGA/prj_sc030_V2.0_emmc/prj_sc030/prj_sc030.sdk/top_hw_platform_0/ps7_init.tcl
targets -set -nocase -filter {name =~"APU*" && jtag_cable_name =~ "Digilent JTAG-HS1 210512180081"} -index 0
loadhw -hw E:/WorkSpace/project/FPGA/prj_sc030_V2.0_emmc/prj_sc030/prj_sc030.sdk/top_hw_platform_0/system.hdf -mem-ranges [list {0x40000000 0xbfffffff}]
configparams force-mem-access 1
targets -set -nocase -filter {name =~"APU*" && jtag_cable_name =~ "Digilent JTAG-HS1 210512180081"} -index 0
stop
ps7_init
ps7_post_config
targets -set -nocase -filter {name =~ "ARM*#0" && jtag_cable_name =~ "Digilent JTAG-HS1 210512180081"} -index 0
rst -processor
targets -set -nocase -filter {name =~ "ARM*#0" && jtag_cable_name =~ "Digilent JTAG-HS1 210512180081"} -index 0
dow E:/WorkSpace/project/FPGA/prj_sc030_V2.0_emmc/prj_sc030/prj_sc030.sdk/ps/Debug/ps.elf
configparams force-mem-access 0
----------------End of Script----------------

17:10:42 INFO  : Memory regions updated for context APU
17:10:43 INFO  : Context for processor 'ps7_cortexa9_0' is selected.
17:10:43 INFO  : 'con' command is executed.
17:10:43 INFO  : ----------------XSDB Script (After Launch)----------------
targets -set -nocase -filter {name =~ "ARM*#0" && jtag_cable_name =~ "Digilent JTAG-HS1 210512180081"} -index 0
con
----------------End of Script----------------

17:10:43 INFO  : Launch script is exported to file 'E:\WorkSpace\project\FPGA\prj_sc030_V2.0_emmc\prj_sc030\prj_sc030.sdk\.sdk\launch_scripts\xilinx_c-c++_application_(system_debugger)\system_debugger_using_debug_ps.elf_on_local.tcl'
17:19:50 INFO  : Disconnected from the channel tcfchan#5.
17:19:51 INFO  : 'targets -set -filter {jtag_cable_name =~ "Digilent JTAG-HS1 210512180081" && level==0} -index 1' command is executed.
17:19:51 INFO  : 'fpga -state' command is executed.
17:19:51 INFO  : Connected to target on host '127.0.0.1' and port '3121'.
17:19:51 INFO  : Jtag cable 'Digilent JTAG-HS1 210512180081' is selected.
17:19:51 INFO  : 'jtag frequency' command is executed.
17:19:51 INFO  : Sourcing of 'E:/WorkSpace/project/FPGA/prj_sc030_V2.0_emmc/prj_sc030/prj_sc030.sdk/top_hw_platform_0/ps7_init.tcl' is done.
17:19:51 INFO  : Context for 'APU' is selected.
17:19:51 INFO  : Hardware design information is loaded from 'E:/WorkSpace/project/FPGA/prj_sc030_V2.0_emmc/prj_sc030/prj_sc030.sdk/top_hw_platform_0/system.hdf'.
17:19:51 INFO  : 'configparams force-mem-access 1' command is executed.
17:19:51 INFO  : Context for 'APU' is selected.
17:19:51 INFO  : 'stop' command is executed.
17:19:52 INFO  : 'ps7_init' command is executed.
17:19:52 INFO  : 'ps7_post_config' command is executed.
17:19:52 INFO  : Context for processor 'ps7_cortexa9_0' is selected.
17:19:52 INFO  : Processor reset is completed for 'ps7_cortexa9_0'.
17:19:52 INFO  : Context for processor 'ps7_cortexa9_0' is selected.
17:19:52 INFO  : The application 'E:/WorkSpace/project/FPGA/prj_sc030_V2.0_emmc/prj_sc030/prj_sc030.sdk/ps/Debug/ps.elf' is downloaded to processor 'ps7_cortexa9_0'.
17:19:52 INFO  : 'configparams force-mem-access 0' command is executed.
17:19:52 INFO  : ----------------XSDB Script----------------
connect -url tcp:127.0.0.1:3121
source E:/WorkSpace/project/FPGA/prj_sc030_V2.0_emmc/prj_sc030/prj_sc030.sdk/top_hw_platform_0/ps7_init.tcl
targets -set -nocase -filter {name =~"APU*" && jtag_cable_name =~ "Digilent JTAG-HS1 210512180081"} -index 0
loadhw -hw E:/WorkSpace/project/FPGA/prj_sc030_V2.0_emmc/prj_sc030/prj_sc030.sdk/top_hw_platform_0/system.hdf -mem-ranges [list {0x40000000 0xbfffffff}]
configparams force-mem-access 1
targets -set -nocase -filter {name =~"APU*" && jtag_cable_name =~ "Digilent JTAG-HS1 210512180081"} -index 0
stop
ps7_init
ps7_post_config
targets -set -nocase -filter {name =~ "ARM*#0" && jtag_cable_name =~ "Digilent JTAG-HS1 210512180081"} -index 0
rst -processor
targets -set -nocase -filter {name =~ "ARM*#0" && jtag_cable_name =~ "Digilent JTAG-HS1 210512180081"} -index 0
dow E:/WorkSpace/project/FPGA/prj_sc030_V2.0_emmc/prj_sc030/prj_sc030.sdk/ps/Debug/ps.elf
configparams force-mem-access 0
----------------End of Script----------------

17:19:52 INFO  : Memory regions updated for context APU
17:19:52 INFO  : Context for processor 'ps7_cortexa9_0' is selected.
17:19:52 INFO  : 'con' command is executed.
17:19:52 INFO  : ----------------XSDB Script (After Launch)----------------
targets -set -nocase -filter {name =~ "ARM*#0" && jtag_cable_name =~ "Digilent JTAG-HS1 210512180081"} -index 0
con
----------------End of Script----------------

17:19:52 INFO  : Launch script is exported to file 'E:\WorkSpace\project\FPGA\prj_sc030_V2.0_emmc\prj_sc030\prj_sc030.sdk\.sdk\launch_scripts\xilinx_c-c++_application_(system_debugger)\system_debugger_using_debug_ps.elf_on_local.tcl'
17:20:40 INFO  : Disconnected from the channel tcfchan#6.
17:20:41 INFO  : 'targets -set -filter {jtag_cable_name =~ "Digilent JTAG-HS1 210512180081" && level==0} -index 1' command is executed.
17:20:41 INFO  : 'fpga -state' command is executed.
17:20:41 INFO  : Connected to target on host '127.0.0.1' and port '3121'.
17:20:41 INFO  : Jtag cable 'Digilent JTAG-HS1 210512180081' is selected.
17:20:41 INFO  : 'jtag frequency' command is executed.
17:20:41 INFO  : Sourcing of 'E:/WorkSpace/project/FPGA/prj_sc030_V2.0_emmc/prj_sc030/prj_sc030.sdk/top_hw_platform_0/ps7_init.tcl' is done.
17:20:41 INFO  : Context for 'APU' is selected.
17:20:41 INFO  : Hardware design information is loaded from 'E:/WorkSpace/project/FPGA/prj_sc030_V2.0_emmc/prj_sc030/prj_sc030.sdk/top_hw_platform_0/system.hdf'.
17:20:41 INFO  : 'configparams force-mem-access 1' command is executed.
17:20:41 INFO  : Context for 'APU' is selected.
17:20:41 INFO  : 'stop' command is executed.
17:20:41 INFO  : 'ps7_init' command is executed.
17:20:41 INFO  : 'ps7_post_config' command is executed.
17:20:41 INFO  : Context for processor 'ps7_cortexa9_0' is selected.
17:20:42 INFO  : Processor reset is completed for 'ps7_cortexa9_0'.
17:20:42 INFO  : Context for processor 'ps7_cortexa9_0' is selected.
17:20:42 INFO  : The application 'E:/WorkSpace/project/FPGA/prj_sc030_V2.0_emmc/prj_sc030/prj_sc030.sdk/ps/Debug/ps.elf' is downloaded to processor 'ps7_cortexa9_0'.
17:20:42 INFO  : 'configparams force-mem-access 0' command is executed.
17:20:42 INFO  : ----------------XSDB Script----------------
connect -url tcp:127.0.0.1:3121
source E:/WorkSpace/project/FPGA/prj_sc030_V2.0_emmc/prj_sc030/prj_sc030.sdk/top_hw_platform_0/ps7_init.tcl
targets -set -nocase -filter {name =~"APU*" && jtag_cable_name =~ "Digilent JTAG-HS1 210512180081"} -index 0
loadhw -hw E:/WorkSpace/project/FPGA/prj_sc030_V2.0_emmc/prj_sc030/prj_sc030.sdk/top_hw_platform_0/system.hdf -mem-ranges [list {0x40000000 0xbfffffff}]
configparams force-mem-access 1
targets -set -nocase -filter {name =~"APU*" && jtag_cable_name =~ "Digilent JTAG-HS1 210512180081"} -index 0
stop
ps7_init
ps7_post_config
targets -set -nocase -filter {name =~ "ARM*#0" && jtag_cable_name =~ "Digilent JTAG-HS1 210512180081"} -index 0
rst -processor
targets -set -nocase -filter {name =~ "ARM*#0" && jtag_cable_name =~ "Digilent JTAG-HS1 210512180081"} -index 0
dow E:/WorkSpace/project/FPGA/prj_sc030_V2.0_emmc/prj_sc030/prj_sc030.sdk/ps/Debug/ps.elf
configparams force-mem-access 0
----------------End of Script----------------

17:20:42 INFO  : Memory regions updated for context APU
17:20:42 INFO  : Context for processor 'ps7_cortexa9_0' is selected.
17:20:42 INFO  : 'con' command is executed.
17:20:42 INFO  : ----------------XSDB Script (After Launch)----------------
targets -set -nocase -filter {name =~ "ARM*#0" && jtag_cable_name =~ "Digilent JTAG-HS1 210512180081"} -index 0
con
----------------End of Script----------------

17:20:42 INFO  : Launch script is exported to file 'E:\WorkSpace\project\FPGA\prj_sc030_V2.0_emmc\prj_sc030\prj_sc030.sdk\.sdk\launch_scripts\xilinx_c-c++_application_(system_debugger)\system_debugger_using_debug_ps.elf_on_local.tcl'
17:22:09 INFO  : Dumping Memory Contents ...
17:22:10 INFO  : Dumped Memory Contents Successfully to E:\WorkSpace\images\top.bin
17:22:10 ERROR : Failed to Connect to HW Server, Reason: Command [C 9286 RunControl getChildren "JTAG-jsn-JTAG-HS1-210512180081-4ba00477-...] aborted
17:22:10 ERROR : Failed to Connect to HW Server, Reason: Command [C 9288 RunControl getChildren "JTAG-jsn-JTAG-HS1-210512180081-4ba00477-...] aborted
17:23:23 INFO  : Dumping Memory Contents ...
17:23:24 INFO  : Dumped Memory Contents Successfully to E:\WorkSpace\images\top.bin
17:23:24 ERROR : Failed to Connect to HW Server, Reason: Command [C 9306 RunControl getChildren "JTAG-jsn-JTAG-HS1-210512180081-4ba00477-...] aborted
17:23:24 ERROR : Failed to Connect to HW Server, Reason: Command [C 9308 RunControl getChildren "JTAG-jsn-JTAG-HS1-210512180081-4ba00477-...] aborted
17:24:12 INFO  : Dumping Memory Contents ...
17:24:13 INFO  : Dumped Memory Contents Successfully to E:\WorkSpace\images\top.bin
17:24:13 ERROR : Failed to Connect to HW Server, Reason: Command [C 9486 RunControl getChildren "JTAG-jsn-JTAG-HS1-210512180081-4ba00477-...] aborted
17:24:13 ERROR : Failed to Connect to HW Server, Reason: Command [C 9488 RunControl getChildren "JTAG-jsn-JTAG-HS1-210512180081-4ba00477-...] aborted
17:31:33 INFO  : Disconnected from the channel tcfchan#7.
17:31:34 INFO  : 'targets -set -filter {jtag_cable_name =~ "Digilent JTAG-HS1 210512180081" && level==0} -index 1' command is executed.
17:31:34 INFO  : 'fpga -state' command is executed.
17:31:34 INFO  : Connected to target on host '127.0.0.1' and port '3121'.
17:31:34 INFO  : Jtag cable 'Digilent JTAG-HS1 210512180081' is selected.
17:31:34 INFO  : 'jtag frequency' command is executed.
17:31:34 INFO  : Sourcing of 'E:/WorkSpace/project/FPGA/prj_sc030_V2.0_emmc/prj_sc030/prj_sc030.sdk/top_hw_platform_0/ps7_init.tcl' is done.
17:31:34 INFO  : Context for 'APU' is selected.
17:31:34 INFO  : Hardware design information is loaded from 'E:/WorkSpace/project/FPGA/prj_sc030_V2.0_emmc/prj_sc030/prj_sc030.sdk/top_hw_platform_0/system.hdf'.
17:31:34 INFO  : 'configparams force-mem-access 1' command is executed.
17:31:34 INFO  : Context for 'APU' is selected.
17:31:34 INFO  : 'stop' command is executed.
17:31:35 INFO  : 'ps7_init' command is executed.
17:31:35 INFO  : 'ps7_post_config' command is executed.
17:31:35 INFO  : Context for processor 'ps7_cortexa9_0' is selected.
17:31:35 INFO  : Processor reset is completed for 'ps7_cortexa9_0'.
17:31:35 INFO  : Context for processor 'ps7_cortexa9_0' is selected.
17:31:35 INFO  : The application 'E:/WorkSpace/project/FPGA/prj_sc030_V2.0_emmc/prj_sc030/prj_sc030.sdk/ps/Debug/ps.elf' is downloaded to processor 'ps7_cortexa9_0'.
17:31:35 INFO  : 'configparams force-mem-access 0' command is executed.
17:31:35 INFO  : ----------------XSDB Script----------------
connect -url tcp:127.0.0.1:3121
source E:/WorkSpace/project/FPGA/prj_sc030_V2.0_emmc/prj_sc030/prj_sc030.sdk/top_hw_platform_0/ps7_init.tcl
targets -set -nocase -filter {name =~"APU*" && jtag_cable_name =~ "Digilent JTAG-HS1 210512180081"} -index 0
loadhw -hw E:/WorkSpace/project/FPGA/prj_sc030_V2.0_emmc/prj_sc030/prj_sc030.sdk/top_hw_platform_0/system.hdf -mem-ranges [list {0x40000000 0xbfffffff}]
configparams force-mem-access 1
targets -set -nocase -filter {name =~"APU*" && jtag_cable_name =~ "Digilent JTAG-HS1 210512180081"} -index 0
stop
ps7_init
ps7_post_config
targets -set -nocase -filter {name =~ "ARM*#0" && jtag_cable_name =~ "Digilent JTAG-HS1 210512180081"} -index 0
rst -processor
targets -set -nocase -filter {name =~ "ARM*#0" && jtag_cable_name =~ "Digilent JTAG-HS1 210512180081"} -index 0
dow E:/WorkSpace/project/FPGA/prj_sc030_V2.0_emmc/prj_sc030/prj_sc030.sdk/ps/Debug/ps.elf
configparams force-mem-access 0
----------------End of Script----------------

17:31:35 INFO  : Memory regions updated for context APU
17:31:35 INFO  : Context for processor 'ps7_cortexa9_0' is selected.
17:31:35 INFO  : 'con' command is executed.
17:31:35 INFO  : ----------------XSDB Script (After Launch)----------------
targets -set -nocase -filter {name =~ "ARM*#0" && jtag_cable_name =~ "Digilent JTAG-HS1 210512180081"} -index 0
con
----------------End of Script----------------

17:31:35 INFO  : Launch script is exported to file 'E:\WorkSpace\project\FPGA\prj_sc030_V2.0_emmc\prj_sc030\prj_sc030.sdk\.sdk\launch_scripts\xilinx_c-c++_application_(system_debugger)\system_debugger_using_debug_ps.elf_on_local.tcl'
17:32:26 INFO  : Dumping Memory Contents ...
17:32:27 INFO  : Dumped Memory Contents Successfully to E:\WorkSpace\images\top.bin
17:32:27 ERROR : Failed to Connect to HW Server, Reason: Command [C 10724 RunControl getChildren "JTAG-jsn-JTAG-HS1-210512180081-4ba00477...] aborted
17:32:27 ERROR : Failed to Connect to HW Server, Reason: Command [C 10726 RunControl getChildren "JTAG-jsn-JTAG-HS1-210512180081-4ba00477...] aborted
17:34:15 INFO  : Dumping Memory Contents ...
17:34:16 INFO  : Dumped Memory Contents Successfully to E:\WorkSpace\images\top.bin
17:34:16 ERROR : Failed to Connect to HW Server, Reason: Command [C 10904 RunControl getChildren "JTAG-jsn-JTAG-HS1-210512180081-4ba00477...] aborted
17:34:16 ERROR : Failed to Connect to HW Server, Reason: Command [C 10906 RunControl getChildren "JTAG-jsn-JTAG-HS1-210512180081-4ba00477...] aborted
17:42:53 INFO  : Dumping Memory Contents ...
17:42:55 INFO  : Dumped Memory Contents Successfully to E:\WorkSpace\images\top.bin
17:42:55 ERROR : Failed to Connect to HW Server, Reason: Command [C 11508 RunControl getChildren "JTAG-jsn-JTAG-HS1-210512180081-4ba00477...] aborted
17:42:55 ERROR : Failed to Connect to HW Server, Reason: Command [C 11510 RunControl getChildren "JTAG-jsn-JTAG-HS1-210512180081-4ba00477...] aborted
18:11:59 INFO  : Disconnected from the channel tcfchan#8.
18:12:00 INFO  : 'targets -set -filter {jtag_cable_name =~ "Digilent JTAG-HS1 210512180081" && level==0} -index 1' command is executed.
18:12:00 INFO  : 'fpga -state' command is executed.
18:12:00 INFO  : Connected to target on host '127.0.0.1' and port '3121'.
18:12:00 INFO  : Jtag cable 'Digilent JTAG-HS1 210512180081' is selected.
18:12:00 INFO  : 'jtag frequency' command is executed.
18:12:00 INFO  : Sourcing of 'E:/WorkSpace/project/FPGA/prj_sc030_V2.0_emmc/prj_sc030/prj_sc030.sdk/top_hw_platform_0/ps7_init.tcl' is done.
18:12:00 INFO  : Context for 'APU' is selected.
18:12:00 INFO  : Hardware design information is loaded from 'E:/WorkSpace/project/FPGA/prj_sc030_V2.0_emmc/prj_sc030/prj_sc030.sdk/top_hw_platform_0/system.hdf'.
18:12:00 INFO  : 'configparams force-mem-access 1' command is executed.
18:12:00 INFO  : Context for 'APU' is selected.
18:12:00 INFO  : 'stop' command is executed.
18:12:01 INFO  : 'ps7_init' command is executed.
18:12:01 INFO  : 'ps7_post_config' command is executed.
18:12:01 INFO  : Context for processor 'ps7_cortexa9_0' is selected.
18:12:01 INFO  : Processor reset is completed for 'ps7_cortexa9_0'.
18:12:01 INFO  : Context for processor 'ps7_cortexa9_0' is selected.
18:12:01 INFO  : The application 'E:/WorkSpace/project/FPGA/prj_sc030_V2.0_emmc/prj_sc030/prj_sc030.sdk/ps/Debug/ps.elf' is downloaded to processor 'ps7_cortexa9_0'.
18:12:01 INFO  : 'configparams force-mem-access 0' command is executed.
18:12:01 INFO  : ----------------XSDB Script----------------
connect -url tcp:127.0.0.1:3121
source E:/WorkSpace/project/FPGA/prj_sc030_V2.0_emmc/prj_sc030/prj_sc030.sdk/top_hw_platform_0/ps7_init.tcl
targets -set -nocase -filter {name =~"APU*" && jtag_cable_name =~ "Digilent JTAG-HS1 210512180081"} -index 0
loadhw -hw E:/WorkSpace/project/FPGA/prj_sc030_V2.0_emmc/prj_sc030/prj_sc030.sdk/top_hw_platform_0/system.hdf -mem-ranges [list {0x40000000 0xbfffffff}]
configparams force-mem-access 1
targets -set -nocase -filter {name =~"APU*" && jtag_cable_name =~ "Digilent JTAG-HS1 210512180081"} -index 0
stop
ps7_init
ps7_post_config
targets -set -nocase -filter {name =~ "ARM*#0" && jtag_cable_name =~ "Digilent JTAG-HS1 210512180081"} -index 0
rst -processor
targets -set -nocase -filter {name =~ "ARM*#0" && jtag_cable_name =~ "Digilent JTAG-HS1 210512180081"} -index 0
dow E:/WorkSpace/project/FPGA/prj_sc030_V2.0_emmc/prj_sc030/prj_sc030.sdk/ps/Debug/ps.elf
configparams force-mem-access 0
----------------End of Script----------------

18:12:01 INFO  : Memory regions updated for context APU
18:12:01 INFO  : Context for processor 'ps7_cortexa9_0' is selected.
18:12:01 INFO  : 'con' command is executed.
18:12:01 INFO  : ----------------XSDB Script (After Launch)----------------
targets -set -nocase -filter {name =~ "ARM*#0" && jtag_cable_name =~ "Digilent JTAG-HS1 210512180081"} -index 0
con
----------------End of Script----------------

18:12:01 INFO  : Launch script is exported to file 'E:\WorkSpace\project\FPGA\prj_sc030_V2.0_emmc\prj_sc030\prj_sc030.sdk\.sdk\launch_scripts\xilinx_c-c++_application_(system_debugger)\system_debugger_using_debug_ps.elf_on_local.tcl'
18:13:39 INFO  : Disconnected from the channel tcfchan#9.
18:13:41 INFO  : 'targets -set -filter {jtag_cable_name =~ "Digilent JTAG-HS1 210512180081" && level==0} -index 1' command is executed.
18:13:41 INFO  : 'fpga -state' command is executed.
18:13:41 INFO  : Connected to target on host '127.0.0.1' and port '3121'.
18:13:41 INFO  : Jtag cable 'Digilent JTAG-HS1 210512180081' is selected.
18:13:41 INFO  : 'jtag frequency' command is executed.
18:13:41 INFO  : Sourcing of 'E:/WorkSpace/project/FPGA/prj_sc030_V2.0_emmc/prj_sc030/prj_sc030.sdk/top_hw_platform_0/ps7_init.tcl' is done.
18:13:41 INFO  : Context for 'APU' is selected.
18:13:41 INFO  : Hardware design information is loaded from 'E:/WorkSpace/project/FPGA/prj_sc030_V2.0_emmc/prj_sc030/prj_sc030.sdk/top_hw_platform_0/system.hdf'.
18:13:41 INFO  : 'configparams force-mem-access 1' command is executed.
18:13:41 INFO  : Context for 'APU' is selected.
18:13:42 INFO  : 'stop' command is executed.
18:13:45 ERROR : Memory write error at 0xF8000004. Invalid DAP IDCODE. Invalid DAP ACK value: 0
18:13:45 INFO  : ----------------XSDB Script----------------
connect -url tcp:127.0.0.1:3121
source E:/WorkSpace/project/FPGA/prj_sc030_V2.0_emmc/prj_sc030/prj_sc030.sdk/top_hw_platform_0/ps7_init.tcl
targets -set -nocase -filter {name =~"APU*" && jtag_cable_name =~ "Digilent JTAG-HS1 210512180081"} -index 0
loadhw -hw E:/WorkSpace/project/FPGA/prj_sc030_V2.0_emmc/prj_sc030/prj_sc030.sdk/top_hw_platform_0/system.hdf -mem-ranges [list {0x40000000 0xbfffffff}]
configparams force-mem-access 1
targets -set -nocase -filter {name =~"APU*" && jtag_cable_name =~ "Digilent JTAG-HS1 210512180081"} -index 0
stop
ps7_init
----------------End of Script----------------

18:14:37 INFO  : 'targets -set -filter {jtag_cable_name =~ "Digilent JTAG-HS1 210512180081" && level==0} -index 1' command is executed.
18:14:37 INFO  : 'fpga -state' command is executed.
18:14:37 INFO  : Connected to target on host '127.0.0.1' and port '3121'.
18:14:37 INFO  : Jtag cable 'Digilent JTAG-HS1 210512180081' is selected.
18:14:37 INFO  : 'jtag frequency' command is executed.
18:14:37 INFO  : Sourcing of 'E:/WorkSpace/project/FPGA/prj_sc030_V2.0_emmc/prj_sc030/prj_sc030.sdk/top_hw_platform_0/ps7_init.tcl' is done.
18:14:37 INFO  : Context for 'APU' is selected.
18:14:37 INFO  : Hardware design information is loaded from 'E:/WorkSpace/project/FPGA/prj_sc030_V2.0_emmc/prj_sc030/prj_sc030.sdk/top_hw_platform_0/system.hdf'.
18:14:37 INFO  : 'configparams force-mem-access 1' command is executed.
18:14:37 INFO  : Context for 'APU' is selected.
18:14:37 INFO  : 'stop' command is executed.
18:14:38 INFO  : 'ps7_init' command is executed.
18:14:38 INFO  : 'ps7_post_config' command is executed.
18:14:38 INFO  : Context for processor 'ps7_cortexa9_0' is selected.
18:14:38 INFO  : Processor reset is completed for 'ps7_cortexa9_0'.
18:14:38 INFO  : Context for processor 'ps7_cortexa9_0' is selected.
18:14:38 INFO  : The application 'E:/WorkSpace/project/FPGA/prj_sc030_V2.0_emmc/prj_sc030/prj_sc030.sdk/ps/Debug/ps.elf' is downloaded to processor 'ps7_cortexa9_0'.
18:14:38 INFO  : 'configparams force-mem-access 0' command is executed.
18:14:38 INFO  : ----------------XSDB Script----------------
connect -url tcp:127.0.0.1:3121
source E:/WorkSpace/project/FPGA/prj_sc030_V2.0_emmc/prj_sc030/prj_sc030.sdk/top_hw_platform_0/ps7_init.tcl
targets -set -nocase -filter {name =~"APU*" && jtag_cable_name =~ "Digilent JTAG-HS1 210512180081"} -index 0
loadhw -hw E:/WorkSpace/project/FPGA/prj_sc030_V2.0_emmc/prj_sc030/prj_sc030.sdk/top_hw_platform_0/system.hdf -mem-ranges [list {0x40000000 0xbfffffff}]
configparams force-mem-access 1
targets -set -nocase -filter {name =~"APU*" && jtag_cable_name =~ "Digilent JTAG-HS1 210512180081"} -index 0
stop
ps7_init
ps7_post_config
targets -set -nocase -filter {name =~ "ARM*#0" && jtag_cable_name =~ "Digilent JTAG-HS1 210512180081"} -index 0
rst -processor
targets -set -nocase -filter {name =~ "ARM*#0" && jtag_cable_name =~ "Digilent JTAG-HS1 210512180081"} -index 0
dow E:/WorkSpace/project/FPGA/prj_sc030_V2.0_emmc/prj_sc030/prj_sc030.sdk/ps/Debug/ps.elf
configparams force-mem-access 0
----------------End of Script----------------

18:14:38 INFO  : Memory regions updated for context APU
18:14:38 INFO  : Context for processor 'ps7_cortexa9_0' is selected.
18:14:38 INFO  : 'con' command is executed.
18:14:38 INFO  : ----------------XSDB Script (After Launch)----------------
targets -set -nocase -filter {name =~ "ARM*#0" && jtag_cable_name =~ "Digilent JTAG-HS1 210512180081"} -index 0
con
----------------End of Script----------------

18:14:38 INFO  : Launch script is exported to file 'E:\WorkSpace\project\FPGA\prj_sc030_V2.0_emmc\prj_sc030\prj_sc030.sdk\.sdk\launch_scripts\xilinx_c-c++_application_(system_debugger)\system_debugger_using_debug_ps.elf_on_local.tcl'
18:15:35 INFO  : Dumping Memory Contents ...
18:15:36 INFO  : Dumped Memory Contents Successfully to E:\WorkSpace\images\top.bin
18:15:36 ERROR : Failed to Connect to HW Server, Reason: Command [C 13356 RunControl getChildren "JTAG-jsn-JTAG-HS1-210512180081-4ba00477...] aborted
18:15:36 ERROR : Failed to Connect to HW Server, Reason: Command [C 13358 RunControl getChildren "JTAG-jsn-JTAG-HS1-210512180081-4ba00477...] aborted
19:03:10 INFO  : Disconnected from the channel tcfchan#10.
19:03:11 INFO  : 'targets -set -filter {jtag_cable_name =~ "Digilent JTAG-HS1 210512180081" && level==0} -index 1' command is executed.
19:03:11 INFO  : 'fpga -state' command is executed.
19:03:11 INFO  : Connected to target on host '127.0.0.1' and port '3121'.
19:03:12 INFO  : Jtag cable 'Digilent JTAG-HS1 210512180081' is selected.
19:03:12 INFO  : 'jtag frequency' command is executed.
19:03:12 INFO  : Sourcing of 'E:/WorkSpace/project/FPGA/prj_sc030_V2.0_emmc/prj_sc030/prj_sc030.sdk/top_hw_platform_0/ps7_init.tcl' is done.
19:03:12 INFO  : Context for 'APU' is selected.
19:03:12 INFO  : Hardware design information is loaded from 'E:/WorkSpace/project/FPGA/prj_sc030_V2.0_emmc/prj_sc030/prj_sc030.sdk/top_hw_platform_0/system.hdf'.
19:03:12 INFO  : 'configparams force-mem-access 1' command is executed.
19:03:12 INFO  : Context for 'APU' is selected.
19:03:12 INFO  : 'stop' command is executed.
19:03:12 INFO  : 'ps7_init' command is executed.
19:03:12 INFO  : 'ps7_post_config' command is executed.
19:03:12 INFO  : Context for processor 'ps7_cortexa9_0' is selected.
19:03:12 INFO  : Processor reset is completed for 'ps7_cortexa9_0'.
19:03:12 INFO  : Context for processor 'ps7_cortexa9_0' is selected.
19:03:12 INFO  : The application 'E:/WorkSpace/project/FPGA/prj_sc030_V2.0_emmc/prj_sc030/prj_sc030.sdk/ps/Debug/ps.elf' is downloaded to processor 'ps7_cortexa9_0'.
19:03:12 INFO  : 'configparams force-mem-access 0' command is executed.
19:03:12 INFO  : ----------------XSDB Script----------------
connect -url tcp:127.0.0.1:3121
source E:/WorkSpace/project/FPGA/prj_sc030_V2.0_emmc/prj_sc030/prj_sc030.sdk/top_hw_platform_0/ps7_init.tcl
targets -set -nocase -filter {name =~"APU*" && jtag_cable_name =~ "Digilent JTAG-HS1 210512180081"} -index 0
loadhw -hw E:/WorkSpace/project/FPGA/prj_sc030_V2.0_emmc/prj_sc030/prj_sc030.sdk/top_hw_platform_0/system.hdf -mem-ranges [list {0x40000000 0xbfffffff}]
configparams force-mem-access 1
targets -set -nocase -filter {name =~"APU*" && jtag_cable_name =~ "Digilent JTAG-HS1 210512180081"} -index 0
stop
ps7_init
ps7_post_config
targets -set -nocase -filter {name =~ "ARM*#0" && jtag_cable_name =~ "Digilent JTAG-HS1 210512180081"} -index 0
rst -processor
targets -set -nocase -filter {name =~ "ARM*#0" && jtag_cable_name =~ "Digilent JTAG-HS1 210512180081"} -index 0
dow E:/WorkSpace/project/FPGA/prj_sc030_V2.0_emmc/prj_sc030/prj_sc030.sdk/ps/Debug/ps.elf
configparams force-mem-access 0
----------------End of Script----------------

19:03:12 INFO  : Memory regions updated for context APU
19:03:13 INFO  : Context for processor 'ps7_cortexa9_0' is selected.
19:03:13 INFO  : 'con' command is executed.
19:03:13 INFO  : ----------------XSDB Script (After Launch)----------------
targets -set -nocase -filter {name =~ "ARM*#0" && jtag_cable_name =~ "Digilent JTAG-HS1 210512180081"} -index 0
con
----------------End of Script----------------

19:03:13 INFO  : Launch script is exported to file 'E:\WorkSpace\project\FPGA\prj_sc030_V2.0_emmc\prj_sc030\prj_sc030.sdk\.sdk\launch_scripts\xilinx_c-c++_application_(system_debugger)\system_debugger_using_debug_ps.elf_on_local.tcl'
19:05:33 INFO  : Disconnected from the channel tcfchan#12.
19:05:34 INFO  : 'targets -set -filter {jtag_cable_name =~ "Digilent JTAG-HS1 210512180081" && level==0} -index 1' command is executed.
19:05:34 INFO  : 'fpga -state' command is executed.
19:05:34 INFO  : Connected to target on host '127.0.0.1' and port '3121'.
19:05:34 INFO  : Jtag cable 'Digilent JTAG-HS1 210512180081' is selected.
19:05:34 INFO  : 'jtag frequency' command is executed.
19:05:34 INFO  : Sourcing of 'E:/WorkSpace/project/FPGA/prj_sc030_V2.0_emmc/prj_sc030/prj_sc030.sdk/top_hw_platform_0/ps7_init.tcl' is done.
19:05:34 INFO  : Context for 'APU' is selected.
19:05:34 INFO  : Hardware design information is loaded from 'E:/WorkSpace/project/FPGA/prj_sc030_V2.0_emmc/prj_sc030/prj_sc030.sdk/top_hw_platform_0/system.hdf'.
19:05:34 INFO  : 'configparams force-mem-access 1' command is executed.
19:05:34 INFO  : Context for 'APU' is selected.
19:05:34 INFO  : 'stop' command is executed.
19:05:34 INFO  : 'ps7_init' command is executed.
19:05:34 INFO  : 'ps7_post_config' command is executed.
19:05:34 INFO  : Context for processor 'ps7_cortexa9_0' is selected.
19:05:34 INFO  : Processor reset is completed for 'ps7_cortexa9_0'.
19:05:34 INFO  : Context for processor 'ps7_cortexa9_0' is selected.
19:05:35 INFO  : The application 'E:/WorkSpace/project/FPGA/prj_sc030_V2.0_emmc/prj_sc030/prj_sc030.sdk/ps/Debug/ps.elf' is downloaded to processor 'ps7_cortexa9_0'.
19:05:35 INFO  : 'configparams force-mem-access 0' command is executed.
19:05:35 INFO  : ----------------XSDB Script----------------
connect -url tcp:127.0.0.1:3121
source E:/WorkSpace/project/FPGA/prj_sc030_V2.0_emmc/prj_sc030/prj_sc030.sdk/top_hw_platform_0/ps7_init.tcl
targets -set -nocase -filter {name =~"APU*" && jtag_cable_name =~ "Digilent JTAG-HS1 210512180081"} -index 0
loadhw -hw E:/WorkSpace/project/FPGA/prj_sc030_V2.0_emmc/prj_sc030/prj_sc030.sdk/top_hw_platform_0/system.hdf -mem-ranges [list {0x40000000 0xbfffffff}]
configparams force-mem-access 1
targets -set -nocase -filter {name =~"APU*" && jtag_cable_name =~ "Digilent JTAG-HS1 210512180081"} -index 0
stop
ps7_init
ps7_post_config
targets -set -nocase -filter {name =~ "ARM*#0" && jtag_cable_name =~ "Digilent JTAG-HS1 210512180081"} -index 0
rst -processor
targets -set -nocase -filter {name =~ "ARM*#0" && jtag_cable_name =~ "Digilent JTAG-HS1 210512180081"} -index 0
dow E:/WorkSpace/project/FPGA/prj_sc030_V2.0_emmc/prj_sc030/prj_sc030.sdk/ps/Debug/ps.elf
configparams force-mem-access 0
----------------End of Script----------------

19:05:35 INFO  : Memory regions updated for context APU
19:05:35 INFO  : Context for processor 'ps7_cortexa9_0' is selected.
19:05:35 INFO  : 'con' command is executed.
19:05:35 INFO  : ----------------XSDB Script (After Launch)----------------
targets -set -nocase -filter {name =~ "ARM*#0" && jtag_cable_name =~ "Digilent JTAG-HS1 210512180081"} -index 0
con
----------------End of Script----------------

19:05:35 INFO  : Launch script is exported to file 'E:\WorkSpace\project\FPGA\prj_sc030_V2.0_emmc\prj_sc030\prj_sc030.sdk\.sdk\launch_scripts\xilinx_c-c++_application_(system_debugger)\system_debugger_using_debug_ps.elf_on_local.tcl'
19:15:08 INFO  : Disconnected from the channel tcfchan#13.
19:15:09 INFO  : 'targets -set -filter {jtag_cable_name =~ "Digilent JTAG-HS1 210512180081" && level==0} -index 1' command is executed.
19:15:09 INFO  : 'fpga -state' command is executed.
19:15:09 INFO  : Connected to target on host '127.0.0.1' and port '3121'.
19:15:10 INFO  : Jtag cable 'Digilent JTAG-HS1 210512180081' is selected.
19:15:10 INFO  : 'jtag frequency' command is executed.
19:15:10 INFO  : Sourcing of 'E:/WorkSpace/project/FPGA/prj_sc030_V2.0_emmc/prj_sc030/prj_sc030.sdk/top_hw_platform_0/ps7_init.tcl' is done.
19:15:10 INFO  : Context for 'APU' is selected.
19:15:10 INFO  : Hardware design information is loaded from 'E:/WorkSpace/project/FPGA/prj_sc030_V2.0_emmc/prj_sc030/prj_sc030.sdk/top_hw_platform_0/system.hdf'.
19:15:10 INFO  : 'configparams force-mem-access 1' command is executed.
19:15:10 INFO  : Context for 'APU' is selected.
19:15:10 INFO  : 'stop' command is executed.
19:15:10 INFO  : 'ps7_init' command is executed.
19:15:10 INFO  : 'ps7_post_config' command is executed.
19:15:10 INFO  : Context for processor 'ps7_cortexa9_0' is selected.
19:15:10 INFO  : Processor reset is completed for 'ps7_cortexa9_0'.
19:15:10 INFO  : Context for processor 'ps7_cortexa9_0' is selected.
19:15:10 INFO  : The application 'E:/WorkSpace/project/FPGA/prj_sc030_V2.0_emmc/prj_sc030/prj_sc030.sdk/ps/Debug/ps.elf' is downloaded to processor 'ps7_cortexa9_0'.
19:15:10 INFO  : 'configparams force-mem-access 0' command is executed.
19:15:10 INFO  : ----------------XSDB Script----------------
connect -url tcp:127.0.0.1:3121
source E:/WorkSpace/project/FPGA/prj_sc030_V2.0_emmc/prj_sc030/prj_sc030.sdk/top_hw_platform_0/ps7_init.tcl
targets -set -nocase -filter {name =~"APU*" && jtag_cable_name =~ "Digilent JTAG-HS1 210512180081"} -index 0
loadhw -hw E:/WorkSpace/project/FPGA/prj_sc030_V2.0_emmc/prj_sc030/prj_sc030.sdk/top_hw_platform_0/system.hdf -mem-ranges [list {0x40000000 0xbfffffff}]
configparams force-mem-access 1
targets -set -nocase -filter {name =~"APU*" && jtag_cable_name =~ "Digilent JTAG-HS1 210512180081"} -index 0
stop
ps7_init
ps7_post_config
targets -set -nocase -filter {name =~ "ARM*#0" && jtag_cable_name =~ "Digilent JTAG-HS1 210512180081"} -index 0
rst -processor
targets -set -nocase -filter {name =~ "ARM*#0" && jtag_cable_name =~ "Digilent JTAG-HS1 210512180081"} -index 0
dow E:/WorkSpace/project/FPGA/prj_sc030_V2.0_emmc/prj_sc030/prj_sc030.sdk/ps/Debug/ps.elf
configparams force-mem-access 0
----------------End of Script----------------

19:15:10 INFO  : Memory regions updated for context APU
19:15:11 INFO  : Context for processor 'ps7_cortexa9_0' is selected.
19:15:11 INFO  : 'con' command is executed.
19:15:11 INFO  : ----------------XSDB Script (After Launch)----------------
targets -set -nocase -filter {name =~ "ARM*#0" && jtag_cable_name =~ "Digilent JTAG-HS1 210512180081"} -index 0
con
----------------End of Script----------------

19:15:11 INFO  : Launch script is exported to file 'E:\WorkSpace\project\FPGA\prj_sc030_V2.0_emmc\prj_sc030\prj_sc030.sdk\.sdk\launch_scripts\xilinx_c-c++_application_(system_debugger)\system_debugger_using_debug_ps.elf_on_local.tcl'
19:21:32 INFO  : Disconnected from the channel tcfchan#14.
19:21:33 INFO  : 'targets -set -filter {jtag_cable_name =~ "Digilent JTAG-HS1 210512180081" && level==0} -index 1' command is executed.
19:21:33 INFO  : 'fpga -state' command is executed.
19:21:33 INFO  : Connected to target on host '127.0.0.1' and port '3121'.
19:21:33 INFO  : Jtag cable 'Digilent JTAG-HS1 210512180081' is selected.
19:21:33 INFO  : 'jtag frequency' command is executed.
19:21:33 INFO  : Sourcing of 'E:/WorkSpace/project/FPGA/prj_sc030_V2.0_emmc/prj_sc030/prj_sc030.sdk/top_hw_platform_0/ps7_init.tcl' is done.
19:21:33 INFO  : Context for 'APU' is selected.
19:21:33 INFO  : Hardware design information is loaded from 'E:/WorkSpace/project/FPGA/prj_sc030_V2.0_emmc/prj_sc030/prj_sc030.sdk/top_hw_platform_0/system.hdf'.
19:21:33 INFO  : 'configparams force-mem-access 1' command is executed.
19:21:33 INFO  : Context for 'APU' is selected.
19:21:33 INFO  : 'stop' command is executed.
19:21:33 INFO  : 'ps7_init' command is executed.
19:21:33 INFO  : 'ps7_post_config' command is executed.
19:21:33 INFO  : Context for processor 'ps7_cortexa9_0' is selected.
19:21:33 INFO  : Processor reset is completed for 'ps7_cortexa9_0'.
19:21:33 INFO  : Context for processor 'ps7_cortexa9_0' is selected.
19:21:34 INFO  : The application 'E:/WorkSpace/project/FPGA/prj_sc030_V2.0_emmc/prj_sc030/prj_sc030.sdk/ps/Debug/ps.elf' is downloaded to processor 'ps7_cortexa9_0'.
19:21:34 INFO  : 'configparams force-mem-access 0' command is executed.
19:21:34 INFO  : ----------------XSDB Script----------------
connect -url tcp:127.0.0.1:3121
source E:/WorkSpace/project/FPGA/prj_sc030_V2.0_emmc/prj_sc030/prj_sc030.sdk/top_hw_platform_0/ps7_init.tcl
targets -set -nocase -filter {name =~"APU*" && jtag_cable_name =~ "Digilent JTAG-HS1 210512180081"} -index 0
loadhw -hw E:/WorkSpace/project/FPGA/prj_sc030_V2.0_emmc/prj_sc030/prj_sc030.sdk/top_hw_platform_0/system.hdf -mem-ranges [list {0x40000000 0xbfffffff}]
configparams force-mem-access 1
targets -set -nocase -filter {name =~"APU*" && jtag_cable_name =~ "Digilent JTAG-HS1 210512180081"} -index 0
stop
ps7_init
ps7_post_config
targets -set -nocase -filter {name =~ "ARM*#0" && jtag_cable_name =~ "Digilent JTAG-HS1 210512180081"} -index 0
rst -processor
targets -set -nocase -filter {name =~ "ARM*#0" && jtag_cable_name =~ "Digilent JTAG-HS1 210512180081"} -index 0
dow E:/WorkSpace/project/FPGA/prj_sc030_V2.0_emmc/prj_sc030/prj_sc030.sdk/ps/Debug/ps.elf
configparams force-mem-access 0
----------------End of Script----------------

19:21:34 INFO  : Memory regions updated for context APU
19:21:34 INFO  : Context for processor 'ps7_cortexa9_0' is selected.
19:21:34 INFO  : 'con' command is executed.
19:21:34 INFO  : ----------------XSDB Script (After Launch)----------------
targets -set -nocase -filter {name =~ "ARM*#0" && jtag_cable_name =~ "Digilent JTAG-HS1 210512180081"} -index 0
con
----------------End of Script----------------

19:21:34 INFO  : Launch script is exported to file 'E:\WorkSpace\project\FPGA\prj_sc030_V2.0_emmc\prj_sc030\prj_sc030.sdk\.sdk\launch_scripts\xilinx_c-c++_application_(system_debugger)\system_debugger_using_debug_ps.elf_on_local.tcl'
16:40:34 INFO  : Registering command handlers for SDK TCF services
16:40:35 INFO  : Launching XSCT server: xsct.bat -interactive E:\WorkSpace\project\FPGA\prj_sc030\prj_sc030\prj_sc030.sdk\temp_xsdb_launch_script.tcl
16:40:37 INFO  : XSCT server has started successfully.
16:40:38 INFO  : Successfully done setting XSCT server connection channel  
16:40:38 INFO  : Successfully done setting SDK workspace  
16:40:38 INFO  : Processing command line option -hwspec E:/WorkSpace/project/FPGA/prj_sc030/prj_sc030/prj_sc030.sdk/top.hdf.
16:50:28 INFO  : Launching XSCT server: xsct.bat -interactive E:\WorkSpace\project\FPGA\prj_sc030\prj_sc030\prj_sc030.sdk\temp_xsdb_launch_script.tcl
16:50:30 INFO  : XSCT server has started successfully.
16:50:30 INFO  : Successfully done setting XSCT server connection channel  
16:50:34 INFO  : Successfully done setting SDK workspace  
16:50:36 INFO  : Registering command handlers for SDK TCF services
16:50:37 INFO  : Processing command line option -hwspec E:/WorkSpace/project/FPGA/prj_sc030/prj_sc030/prj_sc030.sdk/top.hdf.
16:50:37 INFO  : Checking for hwspec changes in the project top_hw_platform_6.
16:57:40 INFO  : 'targets -set -filter {jtag_cable_name =~ "Digilent JTAG-HS1 210512180081" && level==0} -index 1' command is executed.
16:57:40 INFO  : 'fpga -state' command is executed.
16:57:40 INFO  : Connected to target on host '127.0.0.1' and port '3121'.
16:57:40 INFO  : Jtag cable 'Digilent JTAG-HS1 210512180081' is selected.
16:57:40 INFO  : 'jtag frequency' command is executed.
16:57:40 INFO  : Sourcing of 'E:/WorkSpace/project/FPGA/prj_sc030/prj_sc030/prj_sc030.sdk/top_hw_platform_0/ps7_init.tcl' is done.
16:57:40 INFO  : Context for 'APU' is selected.
16:57:40 INFO  : Hardware design information is loaded from 'E:/WorkSpace/project/FPGA/prj_sc030/prj_sc030/prj_sc030.sdk/top_hw_platform_0/system.hdf'.
16:57:40 INFO  : 'configparams force-mem-access 1' command is executed.
16:57:40 INFO  : Context for 'APU' is selected.
16:57:40 INFO  : 'stop' command is executed.
16:57:40 INFO  : 'ps7_init' command is executed.
16:57:40 INFO  : 'ps7_post_config' command is executed.
16:57:40 INFO  : Context for processor 'ps7_cortexa9_0' is selected.
16:57:40 INFO  : Processor reset is completed for 'ps7_cortexa9_0'.
16:57:40 INFO  : Context for processor 'ps7_cortexa9_0' is selected.
16:57:40 INFO  : The application 'E:/WorkSpace/project/FPGA/prj_sc030/prj_sc030/prj_sc030.sdk/ps/Debug/ps.elf' is downloaded to processor 'ps7_cortexa9_0'.
16:57:41 INFO  : 'configparams force-mem-access 0' command is executed.
16:57:41 INFO  : ----------------XSDB Script----------------
connect -url tcp:127.0.0.1:3121
source E:/WorkSpace/project/FPGA/prj_sc030/prj_sc030/prj_sc030.sdk/top_hw_platform_0/ps7_init.tcl
targets -set -nocase -filter {name =~"APU*" && jtag_cable_name =~ "Digilent JTAG-HS1 210512180081"} -index 0
loadhw -hw E:/WorkSpace/project/FPGA/prj_sc030/prj_sc030/prj_sc030.sdk/top_hw_platform_0/system.hdf -mem-ranges [list {0x40000000 0xbfffffff}]
configparams force-mem-access 1
targets -set -nocase -filter {name =~"APU*" && jtag_cable_name =~ "Digilent JTAG-HS1 210512180081"} -index 0
stop
ps7_init
ps7_post_config
targets -set -nocase -filter {name =~ "ARM*#0" && jtag_cable_name =~ "Digilent JTAG-HS1 210512180081"} -index 0
rst -processor
targets -set -nocase -filter {name =~ "ARM*#0" && jtag_cable_name =~ "Digilent JTAG-HS1 210512180081"} -index 0
dow E:/WorkSpace/project/FPGA/prj_sc030/prj_sc030/prj_sc030.sdk/ps/Debug/ps.elf
configparams force-mem-access 0
----------------End of Script----------------

16:57:41 INFO  : Memory regions updated for context APU
16:57:41 INFO  : Context for processor 'ps7_cortexa9_0' is selected.
16:57:41 INFO  : 'con' command is executed.
16:57:41 INFO  : ----------------XSDB Script (After Launch)----------------
targets -set -nocase -filter {name =~ "ARM*#0" && jtag_cable_name =~ "Digilent JTAG-HS1 210512180081"} -index 0
con
----------------End of Script----------------

16:57:41 INFO  : Launch script is exported to file 'E:\WorkSpace\project\FPGA\prj_sc030\prj_sc030\prj_sc030.sdk\.sdk\launch_scripts\xilinx_c-c++_application_(system_debugger)\system_debugger_using_debug_ps.elf_on_local.tcl'
17:55:57 INFO  : Launching XSCT server: xsct.bat -interactive E:\WorkSpace\project\FPGA\prj_sc030\prj_sc030\prj_sc030.sdk\temp_xsdb_launch_script.tcl
16:04:14 INFO  : Registering command handlers for SDK TCF services
16:04:15 INFO  : Launching XSCT server: xsct.bat -interactive E:\WorkSpace\project\FPGA\prj_sc030\prj_sc030\prj_sc030.sdk\temp_xsdb_launch_script.tcl
16:04:18 INFO  : XSCT server has started successfully.
16:04:20 INFO  : Successfully done setting XSCT server connection channel  
16:04:20 INFO  : Successfully done setting SDK workspace  
16:04:20 INFO  : Processing command line option -hwspec E:/WorkSpace/project/FPGA/prj_sc030/prj_sc030/prj_sc030.sdk/top.hdf.
16:04:20 INFO  : Checking for hwspec changes in the project top_hw_platform_6.
14:12:17 INFO  : Registering command handlers for SDK TCF services
14:12:18 INFO  : Launching XSCT server: xsct.bat -interactive E:\WorkSpace\project\FPGA\prj_sc030\prj_sc030\prj_sc030.sdk\temp_xsdb_launch_script.tcl
14:12:20 INFO  : XSCT server has started successfully.
14:12:20 INFO  : Successfully done setting XSCT server connection channel  
14:12:20 INFO  : Successfully done setting SDK workspace  
14:12:20 INFO  : Processing command line option -hwspec E:/WorkSpace/project/FPGA/prj_sc030/prj_sc030/prj_sc030.sdk/top.hdf.
14:12:20 INFO  : Checking for hwspec changes in the project top_hw_platform_6.
17:49:38 INFO  : Registering command handlers for SDK TCF services
17:49:39 INFO  : Launching XSCT server: xsct.bat -interactive E:\WorkSpace\project\FPGA\prj_sc030\prj_sc030\prj_sc030.sdk\temp_xsdb_launch_script.tcl
17:49:41 INFO  : XSCT server has started successfully.
17:49:41 INFO  : Successfully done setting XSCT server connection channel  
17:49:41 INFO  : Successfully done setting SDK workspace  
17:49:41 INFO  : Processing command line option -hwspec E:/WorkSpace/project/FPGA/prj_sc030/prj_sc030/prj_sc030.sdk/top.hdf.
17:49:41 INFO  : Checking for hwspec changes in the project top_hw_platform_6.
17:52:09 INFO  : 'targets -set -filter {jtag_cable_name =~ "Digilent JTAG-HS1 210512180081" && level==0} -index 1' command is executed.
17:52:09 INFO  : 'fpga -state' command is executed.
17:52:09 INFO  : Connected to target on host '127.0.0.1' and port '3121'.
17:52:09 INFO  : Jtag cable 'Digilent JTAG-HS1 210512180081' is selected.
17:52:09 INFO  : 'jtag frequency' command is executed.
17:52:09 INFO  : Sourcing of 'E:/WorkSpace/project/FPGA/prj_sc030/prj_sc030/prj_sc030.sdk/top_hw_platform_0/ps7_init.tcl' is done.
17:52:09 INFO  : Context for 'APU' is selected.
17:52:09 INFO  : Hardware design information is loaded from 'E:/WorkSpace/project/FPGA/prj_sc030/prj_sc030/prj_sc030.sdk/top_hw_platform_0/system.hdf'.
17:52:09 INFO  : 'configparams force-mem-access 1' command is executed.
17:52:09 INFO  : Context for 'APU' is selected.
17:52:09 INFO  : 'stop' command is executed.
17:52:10 INFO  : 'ps7_init' command is executed.
17:52:10 INFO  : 'ps7_post_config' command is executed.
17:52:10 INFO  : Context for processor 'ps7_cortexa9_0' is selected.
17:52:10 INFO  : Processor reset is completed for 'ps7_cortexa9_0'.
17:52:10 INFO  : Context for processor 'ps7_cortexa9_0' is selected.
17:52:10 INFO  : The application 'E:/WorkSpace/project/FPGA/prj_sc030/prj_sc030/prj_sc030.sdk/ps/Debug/ps.elf' is downloaded to processor 'ps7_cortexa9_0'.
17:52:10 INFO  : 'configparams force-mem-access 0' command is executed.
17:52:10 INFO  : ----------------XSDB Script----------------
connect -url tcp:127.0.0.1:3121
source E:/WorkSpace/project/FPGA/prj_sc030/prj_sc030/prj_sc030.sdk/top_hw_platform_0/ps7_init.tcl
targets -set -nocase -filter {name =~"APU*" && jtag_cable_name =~ "Digilent JTAG-HS1 210512180081"} -index 0
loadhw -hw E:/WorkSpace/project/FPGA/prj_sc030/prj_sc030/prj_sc030.sdk/top_hw_platform_0/system.hdf -mem-ranges [list {0x40000000 0xbfffffff}]
configparams force-mem-access 1
targets -set -nocase -filter {name =~"APU*" && jtag_cable_name =~ "Digilent JTAG-HS1 210512180081"} -index 0
stop
ps7_init
ps7_post_config
targets -set -nocase -filter {name =~ "ARM*#0" && jtag_cable_name =~ "Digilent JTAG-HS1 210512180081"} -index 0
rst -processor
targets -set -nocase -filter {name =~ "ARM*#0" && jtag_cable_name =~ "Digilent JTAG-HS1 210512180081"} -index 0
dow E:/WorkSpace/project/FPGA/prj_sc030/prj_sc030/prj_sc030.sdk/ps/Debug/ps.elf
configparams force-mem-access 0
----------------End of Script----------------

17:52:10 INFO  : Memory regions updated for context APU
17:52:10 INFO  : Context for processor 'ps7_cortexa9_0' is selected.
17:52:10 INFO  : 'con' command is executed.
17:52:10 INFO  : ----------------XSDB Script (After Launch)----------------
targets -set -nocase -filter {name =~ "ARM*#0" && jtag_cable_name =~ "Digilent JTAG-HS1 210512180081"} -index 0
con
----------------End of Script----------------

17:52:10 INFO  : Launch script is exported to file 'E:\WorkSpace\project\FPGA\prj_sc030\prj_sc030\prj_sc030.sdk\.sdk\launch_scripts\xilinx_c-c++_application_(system_debugger)\system_debugger_using_debug_ps.elf_on_local.tcl'
17:53:53 INFO  : Disconnected from the channel tcfchan#1.
17:53:54 INFO  : 'targets -set -filter {jtag_cable_name =~ "Digilent JTAG-HS1 210512180081" && level==0} -index 1' command is executed.
17:53:54 INFO  : 'fpga -state' command is executed.
17:53:54 INFO  : Connected to target on host '127.0.0.1' and port '3121'.
17:53:54 INFO  : Jtag cable 'Digilent JTAG-HS1 210512180081' is selected.
17:53:54 INFO  : 'jtag frequency' command is executed.
17:53:54 INFO  : Sourcing of 'E:/WorkSpace/project/FPGA/prj_sc030/prj_sc030/prj_sc030.sdk/top_hw_platform_0/ps7_init.tcl' is done.
17:53:54 INFO  : Context for 'APU' is selected.
17:53:56 INFO  : Hardware design information is loaded from 'E:/WorkSpace/project/FPGA/prj_sc030/prj_sc030/prj_sc030.sdk/top_hw_platform_0/system.hdf'.
17:53:56 INFO  : 'configparams force-mem-access 1' command is executed.
17:53:56 INFO  : Context for 'APU' is selected.
17:53:56 INFO  : 'stop' command is executed.
17:53:56 INFO  : 'ps7_init' command is executed.
17:53:56 INFO  : 'ps7_post_config' command is executed.
17:53:56 INFO  : Context for processor 'ps7_cortexa9_0' is selected.
17:53:56 INFO  : Processor reset is completed for 'ps7_cortexa9_0'.
17:53:56 INFO  : Context for processor 'ps7_cortexa9_0' is selected.
17:53:57 INFO  : The application 'E:/WorkSpace/project/FPGA/prj_sc030/prj_sc030/prj_sc030.sdk/ps/Debug/ps.elf' is downloaded to processor 'ps7_cortexa9_0'.
17:53:57 INFO  : 'configparams force-mem-access 0' command is executed.
17:53:57 INFO  : ----------------XSDB Script----------------
connect -url tcp:127.0.0.1:3121
source E:/WorkSpace/project/FPGA/prj_sc030/prj_sc030/prj_sc030.sdk/top_hw_platform_0/ps7_init.tcl
targets -set -nocase -filter {name =~"APU*" && jtag_cable_name =~ "Digilent JTAG-HS1 210512180081"} -index 0
loadhw -hw E:/WorkSpace/project/FPGA/prj_sc030/prj_sc030/prj_sc030.sdk/top_hw_platform_0/system.hdf -mem-ranges [list {0x40000000 0xbfffffff}]
configparams force-mem-access 1
targets -set -nocase -filter {name =~"APU*" && jtag_cable_name =~ "Digilent JTAG-HS1 210512180081"} -index 0
stop
ps7_init
ps7_post_config
targets -set -nocase -filter {name =~ "ARM*#0" && jtag_cable_name =~ "Digilent JTAG-HS1 210512180081"} -index 0
rst -processor
targets -set -nocase -filter {name =~ "ARM*#0" && jtag_cable_name =~ "Digilent JTAG-HS1 210512180081"} -index 0
dow E:/WorkSpace/project/FPGA/prj_sc030/prj_sc030/prj_sc030.sdk/ps/Debug/ps.elf
configparams force-mem-access 0
----------------End of Script----------------

17:53:57 INFO  : Memory regions updated for context APU
17:53:57 INFO  : Context for processor 'ps7_cortexa9_0' is selected.
17:53:57 INFO  : 'con' command is executed.
17:53:57 INFO  : ----------------XSDB Script (After Launch)----------------
targets -set -nocase -filter {name =~ "ARM*#0" && jtag_cable_name =~ "Digilent JTAG-HS1 210512180081"} -index 0
con
----------------End of Script----------------

17:53:57 INFO  : Launch script is exported to file 'E:\WorkSpace\project\FPGA\prj_sc030\prj_sc030\prj_sc030.sdk\.sdk\launch_scripts\xilinx_c-c++_application_(system_debugger)\system_debugger_using_debug_ps.elf_on_local.tcl'
17:54:18 INFO  : Disconnected from the channel tcfchan#2.
17:54:19 INFO  : 'targets -set -filter {jtag_cable_name =~ "Digilent JTAG-HS1 210512180081" && level==0} -index 1' command is executed.
17:54:19 INFO  : 'fpga -state' command is executed.
17:54:19 INFO  : Connected to target on host '127.0.0.1' and port '3121'.
17:54:19 INFO  : Jtag cable 'Digilent JTAG-HS1 210512180081' is selected.
17:54:19 INFO  : 'jtag frequency' command is executed.
17:54:19 INFO  : Sourcing of 'E:/WorkSpace/project/FPGA/prj_sc030/prj_sc030/prj_sc030.sdk/top_hw_platform_0/ps7_init.tcl' is done.
17:54:19 INFO  : Context for 'APU' is selected.
17:54:19 INFO  : Hardware design information is loaded from 'E:/WorkSpace/project/FPGA/prj_sc030/prj_sc030/prj_sc030.sdk/top_hw_platform_0/system.hdf'.
17:54:19 INFO  : 'configparams force-mem-access 1' command is executed.
17:54:19 INFO  : Context for 'APU' is selected.
17:54:19 INFO  : 'stop' command is executed.
17:54:19 INFO  : 'ps7_init' command is executed.
17:54:19 INFO  : 'ps7_post_config' command is executed.
17:54:19 INFO  : Context for processor 'ps7_cortexa9_0' is selected.
17:54:20 INFO  : Processor reset is completed for 'ps7_cortexa9_0'.
17:54:20 INFO  : Context for processor 'ps7_cortexa9_0' is selected.
17:54:20 INFO  : The application 'E:/WorkSpace/project/FPGA/prj_sc030/prj_sc030/prj_sc030.sdk/ps/Debug/ps.elf' is downloaded to processor 'ps7_cortexa9_0'.
17:54:20 INFO  : 'configparams force-mem-access 0' command is executed.
17:54:20 INFO  : ----------------XSDB Script----------------
connect -url tcp:127.0.0.1:3121
source E:/WorkSpace/project/FPGA/prj_sc030/prj_sc030/prj_sc030.sdk/top_hw_platform_0/ps7_init.tcl
targets -set -nocase -filter {name =~"APU*" && jtag_cable_name =~ "Digilent JTAG-HS1 210512180081"} -index 0
loadhw -hw E:/WorkSpace/project/FPGA/prj_sc030/prj_sc030/prj_sc030.sdk/top_hw_platform_0/system.hdf -mem-ranges [list {0x40000000 0xbfffffff}]
configparams force-mem-access 1
targets -set -nocase -filter {name =~"APU*" && jtag_cable_name =~ "Digilent JTAG-HS1 210512180081"} -index 0
stop
ps7_init
ps7_post_config
targets -set -nocase -filter {name =~ "ARM*#0" && jtag_cable_name =~ "Digilent JTAG-HS1 210512180081"} -index 0
rst -processor
targets -set -nocase -filter {name =~ "ARM*#0" && jtag_cable_name =~ "Digilent JTAG-HS1 210512180081"} -index 0
dow E:/WorkSpace/project/FPGA/prj_sc030/prj_sc030/prj_sc030.sdk/ps/Debug/ps.elf
configparams force-mem-access 0
----------------End of Script----------------

17:54:20 INFO  : Memory regions updated for context APU
17:54:20 INFO  : Context for processor 'ps7_cortexa9_0' is selected.
17:54:20 INFO  : 'con' command is executed.
17:54:20 INFO  : ----------------XSDB Script (After Launch)----------------
targets -set -nocase -filter {name =~ "ARM*#0" && jtag_cable_name =~ "Digilent JTAG-HS1 210512180081"} -index 0
con
----------------End of Script----------------

17:54:20 INFO  : Launch script is exported to file 'E:\WorkSpace\project\FPGA\prj_sc030\prj_sc030\prj_sc030.sdk\.sdk\launch_scripts\xilinx_c-c++_application_(system_debugger)\system_debugger_using_debug_ps.elf_on_local.tcl'
17:54:43 INFO  : Disconnected from the channel tcfchan#3.
17:54:44 INFO  : 'targets -set -filter {jtag_cable_name =~ "Digilent JTAG-HS1 210512180081" && level==0} -index 1' command is executed.
17:54:44 INFO  : 'fpga -state' command is executed.
17:54:44 INFO  : Connected to target on host '127.0.0.1' and port '3121'.
17:54:44 INFO  : Jtag cable 'Digilent JTAG-HS1 210512180081' is selected.
17:54:44 INFO  : 'jtag frequency' command is executed.
17:54:44 INFO  : Sourcing of 'E:/WorkSpace/project/FPGA/prj_sc030/prj_sc030/prj_sc030.sdk/top_hw_platform_0/ps7_init.tcl' is done.
17:54:44 INFO  : Context for 'APU' is selected.
17:54:44 INFO  : Hardware design information is loaded from 'E:/WorkSpace/project/FPGA/prj_sc030/prj_sc030/prj_sc030.sdk/top_hw_platform_0/system.hdf'.
17:54:44 INFO  : 'configparams force-mem-access 1' command is executed.
17:54:44 INFO  : Context for 'APU' is selected.
17:54:44 INFO  : 'stop' command is executed.
17:54:45 INFO  : 'ps7_init' command is executed.
17:54:45 INFO  : 'ps7_post_config' command is executed.
17:54:45 INFO  : Context for processor 'ps7_cortexa9_0' is selected.
17:54:45 INFO  : Processor reset is completed for 'ps7_cortexa9_0'.
17:54:45 INFO  : Context for processor 'ps7_cortexa9_0' is selected.
17:54:45 INFO  : The application 'E:/WorkSpace/project/FPGA/prj_sc030/prj_sc030/prj_sc030.sdk/ps/Debug/ps.elf' is downloaded to processor 'ps7_cortexa9_0'.
17:54:45 INFO  : 'configparams force-mem-access 0' command is executed.
17:54:45 INFO  : ----------------XSDB Script----------------
connect -url tcp:127.0.0.1:3121
source E:/WorkSpace/project/FPGA/prj_sc030/prj_sc030/prj_sc030.sdk/top_hw_platform_0/ps7_init.tcl
targets -set -nocase -filter {name =~"APU*" && jtag_cable_name =~ "Digilent JTAG-HS1 210512180081"} -index 0
loadhw -hw E:/WorkSpace/project/FPGA/prj_sc030/prj_sc030/prj_sc030.sdk/top_hw_platform_0/system.hdf -mem-ranges [list {0x40000000 0xbfffffff}]
configparams force-mem-access 1
targets -set -nocase -filter {name =~"APU*" && jtag_cable_name =~ "Digilent JTAG-HS1 210512180081"} -index 0
stop
ps7_init
ps7_post_config
targets -set -nocase -filter {name =~ "ARM*#0" && jtag_cable_name =~ "Digilent JTAG-HS1 210512180081"} -index 0
rst -processor
targets -set -nocase -filter {name =~ "ARM*#0" && jtag_cable_name =~ "Digilent JTAG-HS1 210512180081"} -index 0
dow E:/WorkSpace/project/FPGA/prj_sc030/prj_sc030/prj_sc030.sdk/ps/Debug/ps.elf
configparams force-mem-access 0
----------------End of Script----------------

17:54:45 INFO  : Memory regions updated for context APU
17:54:45 INFO  : Context for processor 'ps7_cortexa9_0' is selected.
17:54:45 INFO  : 'con' command is executed.
17:54:45 INFO  : ----------------XSDB Script (After Launch)----------------
targets -set -nocase -filter {name =~ "ARM*#0" && jtag_cable_name =~ "Digilent JTAG-HS1 210512180081"} -index 0
con
----------------End of Script----------------

17:54:45 INFO  : Launch script is exported to file 'E:\WorkSpace\project\FPGA\prj_sc030\prj_sc030\prj_sc030.sdk\.sdk\launch_scripts\xilinx_c-c++_application_(system_debugger)\system_debugger_using_debug_ps.elf_on_local.tcl'
17:55:33 INFO  : Disconnected from the channel tcfchan#4.
17:55:34 INFO  : 'targets -set -filter {jtag_cable_name =~ "Digilent JTAG-HS1 210512180081" && level==0} -index 1' command is executed.
17:55:34 INFO  : 'fpga -state' command is executed.
17:55:34 INFO  : Connected to target on host '127.0.0.1' and port '3121'.
17:55:34 INFO  : Jtag cable 'Digilent JTAG-HS1 210512180081' is selected.
17:55:34 INFO  : 'jtag frequency' command is executed.
17:55:34 INFO  : Sourcing of 'E:/WorkSpace/project/FPGA/prj_sc030/prj_sc030/prj_sc030.sdk/top_hw_platform_0/ps7_init.tcl' is done.
17:55:34 INFO  : Context for 'APU' is selected.
17:55:34 INFO  : Hardware design information is loaded from 'E:/WorkSpace/project/FPGA/prj_sc030/prj_sc030/prj_sc030.sdk/top_hw_platform_0/system.hdf'.
17:55:34 INFO  : 'configparams force-mem-access 1' command is executed.
17:55:34 INFO  : Context for 'APU' is selected.
17:55:34 INFO  : 'stop' command is executed.
17:55:34 INFO  : 'ps7_init' command is executed.
17:55:34 INFO  : 'ps7_post_config' command is executed.
17:55:34 INFO  : Context for processor 'ps7_cortexa9_0' is selected.
17:55:34 INFO  : Processor reset is completed for 'ps7_cortexa9_0'.
17:55:35 INFO  : Context for processor 'ps7_cortexa9_0' is selected.
17:55:35 INFO  : The application 'E:/WorkSpace/project/FPGA/prj_sc030/prj_sc030/prj_sc030.sdk/ps/Debug/ps.elf' is downloaded to processor 'ps7_cortexa9_0'.
17:55:35 INFO  : 'configparams force-mem-access 0' command is executed.
17:55:35 INFO  : ----------------XSDB Script----------------
connect -url tcp:127.0.0.1:3121
source E:/WorkSpace/project/FPGA/prj_sc030/prj_sc030/prj_sc030.sdk/top_hw_platform_0/ps7_init.tcl
targets -set -nocase -filter {name =~"APU*" && jtag_cable_name =~ "Digilent JTAG-HS1 210512180081"} -index 0
loadhw -hw E:/WorkSpace/project/FPGA/prj_sc030/prj_sc030/prj_sc030.sdk/top_hw_platform_0/system.hdf -mem-ranges [list {0x40000000 0xbfffffff}]
configparams force-mem-access 1
targets -set -nocase -filter {name =~"APU*" && jtag_cable_name =~ "Digilent JTAG-HS1 210512180081"} -index 0
stop
ps7_init
ps7_post_config
targets -set -nocase -filter {name =~ "ARM*#0" && jtag_cable_name =~ "Digilent JTAG-HS1 210512180081"} -index 0
rst -processor
targets -set -nocase -filter {name =~ "ARM*#0" && jtag_cable_name =~ "Digilent JTAG-HS1 210512180081"} -index 0
dow E:/WorkSpace/project/FPGA/prj_sc030/prj_sc030/prj_sc030.sdk/ps/Debug/ps.elf
configparams force-mem-access 0
----------------End of Script----------------

17:55:35 INFO  : Memory regions updated for context APU
17:55:35 INFO  : Context for processor 'ps7_cortexa9_0' is selected.
17:55:35 INFO  : 'con' command is executed.
17:55:35 INFO  : ----------------XSDB Script (After Launch)----------------
targets -set -nocase -filter {name =~ "ARM*#0" && jtag_cable_name =~ "Digilent JTAG-HS1 210512180081"} -index 0
con
----------------End of Script----------------

17:55:35 INFO  : Launch script is exported to file 'E:\WorkSpace\project\FPGA\prj_sc030\prj_sc030\prj_sc030.sdk\.sdk\launch_scripts\xilinx_c-c++_application_(system_debugger)\system_debugger_using_debug_ps.elf_on_local.tcl'
17:58:48 INFO  : Disconnected from the channel tcfchan#5.
17:58:49 INFO  : 'targets -set -filter {jtag_cable_name =~ "Digilent JTAG-HS1 210512180081" && level==0} -index 1' command is executed.
17:58:49 INFO  : 'fpga -state' command is executed.
17:58:49 INFO  : Connected to target on host '127.0.0.1' and port '3121'.
17:58:49 INFO  : Jtag cable 'Digilent JTAG-HS1 210512180081' is selected.
17:58:49 INFO  : 'jtag frequency' command is executed.
17:58:49 INFO  : Sourcing of 'E:/WorkSpace/project/FPGA/prj_sc030/prj_sc030/prj_sc030.sdk/top_hw_platform_0/ps7_init.tcl' is done.
17:58:49 INFO  : Context for 'APU' is selected.
17:58:49 INFO  : Hardware design information is loaded from 'E:/WorkSpace/project/FPGA/prj_sc030/prj_sc030/prj_sc030.sdk/top_hw_platform_0/system.hdf'.
17:58:49 INFO  : 'configparams force-mem-access 1' command is executed.
17:58:49 INFO  : Context for 'APU' is selected.
17:58:49 INFO  : 'stop' command is executed.
17:58:49 INFO  : 'ps7_init' command is executed.
17:58:49 INFO  : 'ps7_post_config' command is executed.
17:58:49 INFO  : Context for processor 'ps7_cortexa9_0' is selected.
17:58:49 INFO  : Processor reset is completed for 'ps7_cortexa9_0'.
17:58:49 INFO  : Context for processor 'ps7_cortexa9_0' is selected.
17:58:50 INFO  : The application 'E:/WorkSpace/project/FPGA/prj_sc030/prj_sc030/prj_sc030.sdk/ps/Debug/ps.elf' is downloaded to processor 'ps7_cortexa9_0'.
17:58:50 INFO  : 'configparams force-mem-access 0' command is executed.
17:58:50 INFO  : ----------------XSDB Script----------------
connect -url tcp:127.0.0.1:3121
source E:/WorkSpace/project/FPGA/prj_sc030/prj_sc030/prj_sc030.sdk/top_hw_platform_0/ps7_init.tcl
targets -set -nocase -filter {name =~"APU*" && jtag_cable_name =~ "Digilent JTAG-HS1 210512180081"} -index 0
loadhw -hw E:/WorkSpace/project/FPGA/prj_sc030/prj_sc030/prj_sc030.sdk/top_hw_platform_0/system.hdf -mem-ranges [list {0x40000000 0xbfffffff}]
configparams force-mem-access 1
targets -set -nocase -filter {name =~"APU*" && jtag_cable_name =~ "Digilent JTAG-HS1 210512180081"} -index 0
stop
ps7_init
ps7_post_config
targets -set -nocase -filter {name =~ "ARM*#0" && jtag_cable_name =~ "Digilent JTAG-HS1 210512180081"} -index 0
rst -processor
targets -set -nocase -filter {name =~ "ARM*#0" && jtag_cable_name =~ "Digilent JTAG-HS1 210512180081"} -index 0
dow E:/WorkSpace/project/FPGA/prj_sc030/prj_sc030/prj_sc030.sdk/ps/Debug/ps.elf
configparams force-mem-access 0
----------------End of Script----------------

17:58:50 INFO  : Memory regions updated for context APU
17:58:50 INFO  : Context for processor 'ps7_cortexa9_0' is selected.
17:58:50 INFO  : 'con' command is executed.
17:58:50 INFO  : ----------------XSDB Script (After Launch)----------------
targets -set -nocase -filter {name =~ "ARM*#0" && jtag_cable_name =~ "Digilent JTAG-HS1 210512180081"} -index 0
con
----------------End of Script----------------

17:58:50 INFO  : Launch script is exported to file 'E:\WorkSpace\project\FPGA\prj_sc030\prj_sc030\prj_sc030.sdk\.sdk\launch_scripts\xilinx_c-c++_application_(system_debugger)\system_debugger_using_debug_ps.elf_on_local.tcl'
18:06:16 INFO  : Disconnected from the channel tcfchan#6.
